Removed Pin From Net: NetName=VCC Pin=1747785-1-1
Removed Pin From Net: NetName=VM Pin=1747785-1-2
Removed Pin From Net: NetName=signal1 Pin=1747785-1-3
Removed Pin From Net: NetName=signal2 Pin=1747785-1-4
Removed Pin From Net: NetName=Input 1 Pin=1747785-1-5
Removed Pin From Net: NetName=Input 2 Pin=1747785-1-6
Removed Pin From Net: NetName=STBY Pin=1747785-1-7
Removed Pin From Net: NetName=GND Pin=1747785-1-8
Removed Member From Class: ClassName=Sheet1motor Member=1747785-1
Added Component: Designator=1747786-1(1747786-1)
Added Pin To Net: NetName=GND Pin=1747786-1-1
Added Pin To Net: NetName=STBY Pin=1747786-1-2
Added Pin To Net: NetName=Input 2 Pin=1747786-1-3
Added Pin To Net: NetName=Input 1 Pin=1747786-1-4
Added Pin To Net: NetName=signal2 Pin=1747786-1-5
Added Pin To Net: NetName=signal1 Pin=1747786-1-6
Added Pin To Net: NetName=VM Pin=1747786-1-7
Added Pin To Net: NetName=VCC Pin=1747786-1-8
Added Member To Class: ClassName=Sheet1motor Member=Component 1747786-1 8 pin
Added Room: Name=Sheet1motor
