Removed Pin From Net: NetName=GND Pin=J1-1
Removed Pin From Net: NetName=VCC Pin=J1-4
Removed Pin From Net: NetName=GND Pin=J2-1
Removed Pin From Net: NetName=VCC Pin=J2-4
Removed Pin From Net: NetName=GND Pin=U1-3
Added Component: Designator=P1(61201021721)
Add component (AddParameter): Name = "Contact Resistance"; Value = "20mOhm"; VariantName = "[No Variations]"
Add component (AddParameter): Name = "Datasheet URL"; Value = "https://katalog.we-online.de/em/datasheet/6120xx21721.pdf"; VariantName = "[No Variations]"
Add component (AddParameter): Name = "Gender"; Value = "Male"; VariantName = "[No Variations]"
Add component (AddParameter): Name = "Manufacturer"; Value = "Wurth Elektronik"; VariantName = "[No Variations]"
Add component (AddParameter): Name = "Manufacturer URL"; Value = "http://www.we-online.de"; VariantName = "[No Variations]"
Add component (AddParameter): Name = "Mounting Technology"; Value = "THT"; VariantName = "[No Variations]"
Add component (AddParameter): Name = "Operating Temperature"; Value = "-40to125degC"; VariantName = "[No Variations]"
Add component (AddParameter): Name = "Orientation"; Value = "Angled"; VariantName = "[No Variations]"
Add component (AddParameter): Name = "Package Reference"; Value = "61201021721"; VariantName = "[No Variations]"
Add component (AddParameter): Name = "Packaging"; Value = "Tray"; VariantName = "[No Variations]"
Add component (AddParameter): Name = "Part Number"; Value = "61201021721"; VariantName = "[No Variations]"
Add component (AddParameter): Name = "Pin Number"; Value = "10"; VariantName = "[No Variations]"
Add component (AddParameter): Name = "Pitch"; Value = "2.54mm"; VariantName = "[No Variations]"
Add component (AddParameter): Name = "Published Date"; Value = "August2018"; VariantName = "[No Variations]"
Add component (AddParameter): Name = "Publisher"; Value = "WurthElektronik"; VariantName = "[No Variations]"
Add component (AddParameter): Name = "Withstanding Voltage"; Value = "500VAC"; VariantName = "[No Variations]"
Add component (AddParameter): Name = "Working Voltage"; Value = "250VAC"; VariantName = "[No Variations]"
Added Pin To Net: NetName=VCC Pin=J1-1
Added Pin To Net: NetName=GND Pin=J1-4
Added Pin To Net: NetName=VCC Pin=J2-1
Added Pin To Net: NetName=GND Pin=J2-4
Added Pin To Net: NetName=VCC Pin=P1-1
Added Pin To Net: NetName=STBY Pin=P1-7
Added Pin To Net: NetName=NetR6_1 Pin=P1-8
Added Pin To Net: NetName=GND Pin=P1-10
Change Net Name : Old Net Name=NetR6_1 New Net Name=PWM
Change Net Name : Old Net Name=output1 New Net Name=Output_1
Change Net Name : Old Net Name=output2 New Net Name=Output_2
Change Net Name : Old Net Name=VCC New Net Name=+3V3
Added Pin To Net: NetName=+12V Pin=P1-2
Added Pin To Net: NetName=+12V Pin=R1-1
Added Pin To Net: NetName=+12V Pin=U1-1
Added Net: Name=+12V
Added Pin To Net: NetName=Input_1 Pin=P1-5
Added Pin To Net: NetName=Input_1 Pin=U1-12
Added Pin To Net: NetName=Input_1 Pin=U1-14
Added Net: Name=Input_1
Added Pin To Net: NetName=Input_2 Pin=P1-6
Added Pin To Net: NetName=Input_2 Pin=U1-11
Added Pin To Net: NetName=Input_2 Pin=U1-15
Added Net: Name=Input_2
Added Pin To Net: NetName=PGND Pin=P1-9
Added Pin To Net: NetName=PGND Pin=U1-3
Added Net: Name=PGND
Added Pin To Net: NetName=Signal_1 Pin=J1-2
Added Pin To Net: NetName=Signal_1 Pin=P1-3
Added Net: Name=Signal_1
Added Pin To Net: NetName=Signal_2 Pin=J2-2
Added Pin To Net: NetName=Signal_2 Pin=P1-4
Added Net: Name=Signal_2
Added Member To Class: ClassName=SB_Valve_3_v1.1 Member=Component P1 61201021721
